[2026-01-09 12:10:54] INFO: Server running on port 5000
[2026-01-09 12:10:54] INFO: MongoDB connected to TEST-API
[2026-01-09 15:12:10] INFO: Server running on port 5000
[2026-01-09 15:12:10] INFO: MongoDB connected to TEST-API
[2026-01-09 21:53:45] INFO: Server running on port 5000
[2026-01-09 21:53:45] INFO: MongoDB connected to TEST-API
[2026-01-09 23:13:12] INFO: Server running on port 5000
[2026-01-09 23:13:12] INFO: MongoDB connected to TEST-API
[2026-01-09 23:13:29] INFO: Server running on port 5000
[2026-01-09 23:13:29] INFO: MongoDB connected to TEST-API
[2026-01-10 13:25:04] INFO: Server running on port 5000
[2026-01-10 13:25:04] INFO: MongoDB connected to TEST-API
[2026-01-10 13:25:34] INFO: Register API called
[2026-01-10 13:25:34] WARN: Registration failed: User already exists - anchalaadiwal12@gmail.com
[2026-01-10 13:27:22] INFO: Register API called
[2026-01-10 13:27:22] INFO: User registered successfully
[2026-01-10 13:27:23] INFO: Welcome email sent
[2026-01-10 13:28:12] INFO: Login API called
[2026-01-10 13:28:13] INFO: User logged in successfully
[2026-01-10 13:30:48] INFO: Create User API called
[2026-01-10 13:30:48] ERROR: CREATE USER ERROR User validation failed: password: Path `password` is required., email: Path `email` is required.
[2026-01-10 13:32:13] INFO: List Users API called
[2026-01-10 13:33:32] INFO: List Users API called
[2026-01-10 13:34:01] INFO: List Users API called
[2026-01-10 13:35:32] INFO: Login API called
[2026-01-10 13:35:32] INFO: User logged in successfully
[2026-01-10 13:36:52] INFO: List Users API called
[2026-01-10 13:37:37] INFO: List Users API called
[2026-01-10 13:37:45] INFO: List Users API called
[2026-01-10 14:15:17] INFO: Create Product API called
[2026-01-10 14:15:17] INFO: Product created successfully
[2026-01-10 14:16:19] INFO: Get All Products API called
[2026-01-10 14:50:07] INFO: Server running on port 5000
[2026-01-10 14:50:07] INFO: MongoDB connected to TEST-API
[2026-01-10 15:13:51] INFO: Server running on port 5000
[2026-01-10 15:13:51] INFO: MongoDB connected to TEST-API
[2026-01-10 15:14:39] INFO: Register API called
[2026-01-10 15:14:39] WARN: Registration failed: User already exists - anchaladiwal@gmail.com
[2026-01-10 15:14:49] INFO: Login API called
[2026-01-10 15:14:49] INFO: User logged in successfully
[2026-01-10 15:19:27] INFO: Login API called
[2026-01-10 15:19:27] INFO: User logged in successfully
[2026-01-10 15:19:48] INFO: Place Order API called
[2026-01-10 15:20:54] INFO: Add to Cart API called
[2026-01-10 15:20:54] INFO: Cart not found, creating new cart
[2026-01-10 15:20:54] INFO: Cart saved successfully
[2026-01-10 15:21:16] INFO: Place Order API called
[2026-01-10 15:21:16] INFO: Order placed successfully
[2026-01-14 15:14:11] INFO: Server running on port 5000
[2026-01-14 15:14:11] INFO: MongoDB connected to TEST-API
[2026-01-14 15:14:47] INFO: Register API called
[2026-01-14 15:14:48] INFO: User registered successfully
[2026-01-14 15:14:49] INFO: Welcome email sent
[2026-01-14 15:14:58] INFO: Login API called
[2026-01-14 15:14:58] INFO: User logged in successfully
[2026-01-14 15:15:35] INFO: Login API called
[2026-01-14 15:15:35] INFO: User logged in successfully
[2026-01-14 15:24:20] INFO: Login API called
[2026-01-14 15:24:20] INFO: User logged in successfully
[2026-01-14 15:24:20] INFO: Register API called
[2026-01-14 15:24:20] WARN: Registration failed: User already exists - anchaladiwal@gmail.com
[2026-01-14 15:25:24] INFO: Login API called
[2026-01-14 15:25:24] INFO: User logged in successfully
[2026-01-14 15:25:24] INFO: Register API called
[2026-01-14 15:25:24] WARN: Registration failed: User already exists - anchaladiwal@gmail.com
[2026-01-14 15:25:24] INFO: Get All Products API called
[2026-01-14 15:25:25] INFO: List Users API called
[2026-01-14 15:25:25] INFO: List Users API called
[2026-01-14 15:25:25] INFO: Update User API called
[2026-01-14 15:25:25] INFO: User updated successfully
[2026-01-14 15:45:21] INFO: Login API called
[2026-01-14 15:45:21] INFO: User logged in successfully
[2026-01-14 15:45:40] INFO: Login API called
[2026-01-14 15:45:41] INFO: User logged in successfully
[2026-01-14 15:46:31] INFO: Login API called
[2026-01-14 15:46:31] INFO: User logged in successfully
[2026-01-14 15:47:23] INFO: Create Product API called
[2026-01-14 15:47:24] INFO: Product created successfully
[2026-01-14 15:47:31] INFO: Login API called
[2026-01-14 15:47:31] INFO: User logged in successfully
[2026-01-14 16:05:32] INFO: Add to Cart API called
[2026-01-14 16:05:32] INFO: Cart not found, creating new cart
[2026-01-14 16:05:32] INFO: Cart saved successfully
[2026-01-14 16:15:32] INFO: Add to Cart API called
[2026-01-14 16:15:32] ERROR: ADD TO CART ERROR Cast to ObjectId failed for value "6962119d47bc5bf4b11cff8" (type string) at path "_id" for model "Product"
[2026-01-14 16:16:15] INFO: Add to Cart API called
[2026-01-14 16:16:15] INFO: Product quantity updated in cart
[2026-01-14 16:16:16] INFO: Cart saved successfully
[2026-01-14 16:16:21] INFO: Add to Cart API called
[2026-01-14 16:16:21] WARN: Add to cart failed: Product not found - 6962119d47bc5bf4b11cff81
[2026-01-14 16:16:48] INFO: Add to Cart API called
[2026-01-14 16:16:48] INFO: Product quantity updated in cart
[2026-01-14 16:16:48] INFO: Cart saved successfully
[2026-01-14 16:25:57] INFO: Server running on port 5000
[2026-01-14 16:25:57] INFO: MongoDB connected to TEST-API
[2026-01-14 16:26:01] INFO: Add to Cart API called
[2026-01-14 16:26:01] INFO: Product quantity updated in cart
[2026-01-14 16:26:01] INFO: Cart saved successfully
[2026-01-15 16:08:17] INFO: Server running on port 5000
[2026-01-15 16:08:18] INFO: MongoDB connected to TEST-API
[2026-01-15 16:17:09] INFO: Login API called
[2026-01-15 16:17:09] INFO: User logged in successfully
[2026-01-15 16:17:39] INFO: Login API called
[2026-01-15 16:17:39] INFO: User logged in successfully
[2026-01-15 16:18:14] INFO: Add to Cart API called
[2026-01-15 16:18:14] INFO: Product quantity updated in cart
[2026-01-15 16:18:14] INFO: Cart saved successfully
[2026-01-15 16:18:16] INFO: Add to Cart API called
[2026-01-15 16:18:16] INFO: Product quantity updated in cart
[2026-01-15 16:18:16] INFO: Cart saved successfully
[2026-01-15 16:18:19] INFO: Add to Cart API called
[2026-01-15 16:18:19] INFO: Product quantity updated in cart
[2026-01-15 16:18:19] INFO: Cart saved successfully
[2026-01-15 16:19:47] INFO: Place Order API called
[2026-01-15 16:19:47] INFO: Order placed successfully
[2026-01-15 16:23:30] INFO: Add to Cart API called
[2026-01-15 16:23:30] INFO: New product added to cart
[2026-01-15 16:23:30] INFO: Cart saved successfully
[2026-01-15 16:23:35] INFO: Add to Cart API called
[2026-01-15 16:23:35] INFO: Product quantity updated in cart
[2026-01-15 16:23:35] INFO: Cart saved successfully
[2026-01-15 16:23:44] INFO: Place Order API called
[2026-01-15 16:23:44] INFO: Order placed successfully
[2026-01-15 16:24:22] INFO: Add to Cart API called
[2026-01-15 16:24:22] INFO: New product added to cart
[2026-01-15 16:24:22] INFO: Cart saved successfully
[2026-01-15 16:24:26] INFO: Place Order API called
[2026-01-15 16:24:26] INFO: Order placed successfully
[2026-01-15 16:24:52] INFO: Server running on port 5000
[2026-01-15 16:24:52] INFO: MongoDB connected to TEST-API
[2026-01-15 16:24:59] INFO: Place Order API called
[2026-01-15 16:24:59] ERROR: PLACE ORDER ERROR Cannot read properties of undefined (reading 'product')
[2026-01-15 16:25:07] INFO: Add to Cart API called
[2026-01-15 16:25:07] INFO: New product added to cart
[2026-01-15 16:25:07] INFO: Cart saved successfully
[2026-01-15 16:25:13] INFO: Add to Cart API called
[2026-01-15 16:25:13] INFO: Product quantity updated in cart
[2026-01-15 16:25:13] INFO: Cart saved successfully
[2026-01-15 16:25:33] INFO: Place Order API called
[2026-01-15 16:25:33] INFO: Order placed successfully
[2026-01-15 21:55:53] INFO: Server running on port 5000
[2026-01-15 21:55:53] INFO: MongoDB connected to TEST-API
[2026-01-16 21:34:54] INFO: Server running on port 5000
[2026-01-16 21:34:54] INFO: MongoDB connected to TEST-API
[2026-01-16 22:03:43] INFO: Server running on port 5000
[2026-01-16 22:03:43] INFO: MongoDB connected to TEST-API
